<?xml version="1.0" encoding="UTF-8"?>
<!-- Generated by org.testng.reporters.JUnitReportReporter -->
<testsuite skipped="0" hostname="LAPTOP-Q12EG9N8" name="getRequest.GetData" tests="2" failures="0" timestamp="11 Jun 2018 12:04:25 GMT" time="7.505" errors="0">
  <testcase name="testResponseCode" time="0.532" classname="getRequest.GetData"/>
  <testcase name="testCompleteData" time="6.973" classname="getRequest.GetData"/>
</testsuite> <!-- getRequest.GetData -->
