<?xml version="1.0" encoding="UTF-8"?>
<!-- Generated by org.testng.reporters.JUnitReportReporter -->
<testsuite skipped="0" hostname="LAPTOP-Q12EG9N8" name="apiRequest.PostRequest" tests="1" failures="0" timestamp="11 Jun 2018 13:26:07 GMT" time="4.863" errors="0">
  <testcase name="postTest" time="4.863" classname="apiRequest.PostRequest"/>
</testsuite> <!-- apiRequest.PostRequest -->
